<?xml version="1.0" encoding="UTF-8"?>
<!-- Generated by org.testng.reporters.JUnitReportReporter -->
<testsuite skipped="0" hostname="DESKTOP-C76J3OA" name="testRunner.apiRunner" tests="1" failures="0" timestamp="12 Nov 2019 23:32:33 GMT" time="3.229" errors="0">
  <testcase name="runScenario" time="3.229" classname="testRunner.apiRunner"/>
</testsuite> <!-- testRunner.apiRunner -->
