<?xml version="1.0" encoding="UTF-8"?>
<!-- Generated by org.testng.reporters.JUnitReportReporter -->
<testsuite skipped="1" hostname="DESKTOP-C76J3OA" name="RestExample" tests="2" failures="0" timestamp="12 Nov 2019 21:37:33 GMT" time="2.581" errors="0">
  <testcase name="Test2" time="2.581" classname="RestExample"/>
  <testcase name="Test1" classname="RestExample">
    <skipped/>
  </testcase> <!-- Test1 -->
</testsuite> <!-- RestExample -->
